<?xml version="1.0" encoding="UTF-8"?>
<coverage generated="1751142493213" clover="3.2.0">
  <project timestamp="1751142493213" name="All files">
    <metrics statements="89" coveredstatements="87" conditionals="30" coveredconditionals="29" methods="18" coveredmethods="15" elements="137" coveredelements="131" complexity="0" loc="89" ncloc="89" packages="2" files="5" classes="5"/>
    <package name="src">
      <metrics statements="9" coveredstatements="9" conditionals="0" coveredconditionals="0" methods="1" coveredmethods="1"/>
      <file name="App.tsx" path="/Users/wamanzi/Documents/Asture Fms/asture-fms-FE/src/App.tsx">
        <metrics statements="9" coveredstatements="9" conditionals="0" coveredconditionals="0" methods="1" coveredmethods="1"/>
        <line num="1" count="1" type="stmt"/>
        <line num="2" count="1" type="stmt"/>
        <line num="3" count="1" type="stmt"/>
        <line num="4" count="1" type="stmt"/>
        <line num="5" count="1" type="stmt"/>
        <line num="6" count="1" type="stmt"/>
        <line num="8" count="1" type="stmt"/>
        <line num="9" count="12" type="stmt"/>
        <line num="38" count="1" type="stmt"/>
      </file>
    </package>
    <package name="src.components">
      <metrics statements="80" coveredstatements="78" conditionals="30" coveredconditionals="29" methods="17" coveredmethods="14"/>
      <file name="Home.tsx" path="/Users/wamanzi/Documents/Asture Fms/asture-fms-FE/src/components/Home.tsx">
        <metrics statements="4" coveredstatements="4" conditionals="0" coveredconditionals="0" methods="1" coveredmethods="1"/>
        <line num="1" count="2" type="stmt"/>
        <line num="3" count="2" type="stmt"/>
        <line num="4" count="15" type="stmt"/>
        <line num="19" count="2" type="stmt"/>
      </file>
      <file name="Layout.tsx" path="/Users/wamanzi/Documents/Asture Fms/asture-fms-FE/src/components/Layout.tsx">
        <metrics statements="4" coveredstatements="4" conditionals="0" coveredconditionals="0" methods="1" coveredmethods="1"/>
        <line num="1" count="1" type="stmt"/>
        <line num="7" count="1" type="stmt"/>
        <line num="8" count="7" type="stmt"/>
        <line num="11" count="1" type="stmt"/>
      </file>
      <file name="Login.tsx" path="/Users/wamanzi/Documents/Asture Fms/asture-fms-FE/src/components/Login.tsx">
        <metrics statements="67" coveredstatements="65" conditionals="30" coveredconditionals="29" methods="14" coveredmethods="11"/>
        <line num="1" count="2" type="stmt"/>
        <line num="2" count="2" type="stmt"/>
        <line num="3" count="2" type="stmt"/>
        <line num="4" count="2" type="stmt"/>
        <line num="5" count="2" type="stmt"/>
        <line num="6" count="2" type="stmt"/>
        <line num="7" count="2" type="stmt"/>
        <line num="8" count="2" type="stmt"/>
        <line num="10" count="2" type="stmt"/>
        <line num="11" count="255" type="stmt"/>
        <line num="12" count="254" type="stmt"/>
        <line num="13" count="254" type="stmt"/>
        <line num="14" count="254" type="stmt"/>
        <line num="15" count="254" type="stmt"/>
        <line num="16" count="254" type="stmt"/>
        <line num="17" count="254" type="stmt"/>
        <line num="20" count="254" type="stmt"/>
        <line num="39" count="254" type="stmt"/>
        <line num="40" count="22" type="stmt"/>
        <line num="41" count="0" type="stmt"/>
        <line num="44" count="22" type="stmt"/>
        <line num="47" count="254" type="stmt"/>
        <line num="48" count="184" type="cond" truecount="1" falsecount="0"/>
        <line num="49" count="2" type="stmt"/>
        <line num="50" count="2" type="stmt"/>
        <line num="52" count="182" type="cond" truecount="1" falsecount="0"/>
        <line num="53" count="143" type="stmt"/>
        <line num="54" count="143" type="stmt"/>
        <line num="56" count="39" type="cond" truecount="1" falsecount="0"/>
        <line num="57" count="25" type="stmt"/>
        <line num="58" count="25" type="stmt"/>
        <line num="60" count="14" type="stmt"/>
        <line num="61" count="14" type="stmt"/>
        <line num="64" count="254" type="stmt"/>
        <line num="65" count="49" type="cond" truecount="1" falsecount="0"/>
        <line num="66" count="3" type="stmt"/>
        <line num="67" count="3" type="stmt"/>
        <line num="69" count="46" type="stmt"/>
        <line num="70" count="46" type="stmt"/>
        <line num="73" count="254" type="stmt"/>
        <line num="74" count="180" type="stmt"/>
        <line num="75" count="180" type="stmt"/>
        <line num="76" count="180" type="cond" truecount="2" falsecount="0"/>
        <line num="77" count="179" type="stmt"/>
        <line num="79" count="1" type="stmt"/>
        <line num="83" count="254" type="stmt"/>
        <line num="84" count="45" type="stmt"/>
        <line num="85" count="45" type="stmt"/>
        <line num="86" count="45" type="cond" truecount="2" falsecount="0"/>
        <line num="87" count="44" type="stmt"/>
        <line num="89" count="1" type="stmt"/>
        <line num="93" count="254" type="stmt"/>
        <line num="95" count="5" type="stmt"/>
        <line num="96" count="5" type="stmt"/>
        <line num="99" count="5" type="stmt"/>
        <line num="100" count="5" type="stmt"/>
        <line num="102" count="5" type="cond" truecount="3" falsecount="0"/>
        <line num="103" count="4" type="stmt"/>
        <line num="107" count="1" type="stmt"/>
        <line num="109" count="1" type="cond" truecount="1" falsecount="0"/>
        <line num="110" count="1" type="stmt"/>
        <line num="114" count="254" type="stmt"/>
        <line num="211" count="2" type="stmt"/>
        <line num="320" count="762" type="stmt"/>
        <line num="346" count="762" type="stmt"/>
        <line num="348" count="0" type="stmt"/>
        <line num="362" count="2" type="stmt"/>
      </file>
      <file name="NotFound.tsx" path="/Users/wamanzi/Documents/Asture Fms/asture-fms-FE/src/components/NotFound.tsx">
        <metrics statements="5" coveredstatements="5" conditionals="0" coveredconditionals="0" methods="1" coveredmethods="1"/>
        <line num="1" count="1" type="stmt"/>
        <line num="2" count="1" type="stmt"/>
        <line num="4" count="1" type="stmt"/>
        <line num="5" count="2" type="stmt"/>
        <line num="22" count="1" type="stmt"/>
      </file>
    </package>
  </project>
</coverage>
