{
  "/Users/wamanzi/Documents/Asture Fms/asture-fms-FE/src/App.tsx": {
    "path": "/Users/wamanzi/Documents/Asture Fms/asture-fms-FE/src/App.tsx",
    "statementMap": {
      "0": {
        "start": { "line": 1, "column": 0 },
        "end": { "line": 1, "column": 26 }
      },
      "1": {
        "start": { "line": 2, "column": 0 },
        "end": { "line": 2, "column": 49 }
      },
      "2": {
        "start": { "line": 3, "column": 0 },
        "end": { "line": 3, "column": 41 }
      },
      "3": {
        "start": { "line": 4, "column": 0 },
        "end": { "line": 4, "column": 37 }
      },
      "4": {
        "start": { "line": 5, "column": 0 },
        "end": { "line": 5, "column": 39 }
      },
      "5": {
        "start": { "line": 6, "column": 0 },
        "end": { "line": 6, "column": 45 }
      },
      "6": {
        "start": { "line": 8, "column": 22 },
        "end": { "line": 36, "column": 1 }
      },
      "7": {
        "start": { "line": 9, "column": 2 },
        "end": { "line": 35, "column": 4 }
      },
      "8": {
        "start": { "line": 38, "column": 0 },
        "end": { "line": 38, "column": 19 }
      }
    },
    "fnMap": {
      "0": {
        "name": "(anonymous_1)",
        "decl": {
          "start": { "line": 8, "column": 22 },
          "end": { "line": 8, "column": 25 }
        },
        "loc": {
          "start": { "line": 8, "column": 27 },
          "end": { "line": 36, "column": 1 }
        }
      }
    },
    "branchMap": {},
    "s": {
      "0": 1,
      "1": 1,
      "2": 1,
      "3": 1,
      "4": 1,
      "5": 1,
      "6": 1,
      "7": 12,
      "8": 1
    },
    "f": { "0": 12 },
    "b": {}
  },
  "/Users/wamanzi/Documents/Asture Fms/asture-fms-FE/src/components/Home.tsx": {
    "path": "/Users/wamanzi/Documents/Asture Fms/asture-fms-FE/src/components/Home.tsx",
    "statementMap": {
      "0": {
        "start": { "line": 1, "column": 0 },
        "end": { "line": 1, "column": 26 }
      },
      "1": {
        "start": { "line": 3, "column": 23 },
        "end": { "line": 17, "column": 1 }
      },
      "2": {
        "start": { "line": 4, "column": 2 },
        "end": { "line": 16, "column": 4 }
      },
      "3": {
        "start": { "line": 19, "column": 0 },
        "end": { "line": 19, "column": 20 }
      }
    },
    "fnMap": {
      "0": {
        "name": "(anonymous_1)",
        "decl": {
          "start": { "line": 3, "column": 23 },
          "end": { "line": 3, "column": 26 }
        },
        "loc": {
          "start": { "line": 3, "column": 28 },
          "end": { "line": 17, "column": 1 }
        }
      }
    },
    "branchMap": {},
    "s": { "0": 2, "1": 2, "2": 15, "3": 2 },
    "f": { "0": 15 },
    "b": {}
  },
  "/Users/wamanzi/Documents/Asture Fms/asture-fms-FE/src/components/Layout.tsx": {
    "path": "/Users/wamanzi/Documents/Asture Fms/asture-fms-FE/src/components/Layout.tsx",
    "statementMap": {
      "0": {
        "start": { "line": 1, "column": 0 },
        "end": { "line": 1, "column": 26 }
      },
      "1": {
        "start": { "line": 7, "column": 38 },
        "end": { "line": 9, "column": 1 }
      },
      "2": {
        "start": { "line": 8, "column": 2 },
        "end": { "line": 8, "column": 71 }
      },
      "3": {
        "start": { "line": 11, "column": 0 },
        "end": { "line": 11, "column": 22 }
      }
    },
    "fnMap": {
      "0": {
        "name": "(anonymous_1)",
        "decl": {
          "start": { "line": 7, "column": 38 },
          "end": { "line": 7, "column": 39 }
        },
        "loc": {
          "start": { "line": 7, "column": 55 },
          "end": { "line": 9, "column": 1 }
        }
      }
    },
    "branchMap": {},
    "s": { "0": 1, "1": 1, "2": 7, "3": 1 },
    "f": { "0": 7 },
    "b": {}
  },
  "/Users/wamanzi/Documents/Asture Fms/asture-fms-FE/src/components/Login.tsx": {
    "path": "/Users/wamanzi/Documents/Asture Fms/asture-fms-FE/src/components/Login.tsx",
    "statementMap": {
      "0": {
        "start": { "line": 1, "column": 0 },
        "end": { "line": 1, "column": 51 }
      },
      "1": {
        "start": { "line": 2, "column": 0 },
        "end": { "line": 2, "column": 53 }
      },
      "2": {
        "start": { "line": 3, "column": 0 },
        "end": { "line": 3, "column": 55 }
      },
      "3": {
        "start": { "line": 4, "column": 0 },
        "end": { "line": 4, "column": 37 }
      },
      "4": {
        "start": { "line": 5, "column": 0 },
        "end": { "line": 5, "column": 44 }
      },
      "5": {
        "start": { "line": 6, "column": 0 },
        "end": { "line": 6, "column": 44 }
      },
      "6": {
        "start": { "line": 7, "column": 0 },
        "end": { "line": 7, "column": 44 }
      },
      "7": {
        "start": { "line": 8, "column": 0 },
        "end": { "line": 8, "column": 48 }
      },
      "8": {
        "start": { "line": 10, "column": 24 },
        "end": { "line": 360, "column": 1 }
      },
      "9": {
        "start": { "line": 11, "column": 42 },
        "end": { "line": 11, "column": 57 }
      },
      "10": {
        "start": { "line": 12, "column": 28 },
        "end": { "line": 12, "column": 40 }
      },
      "11": {
        "start": { "line": 13, "column": 34 },
        "end": { "line": 13, "column": 46 }
      },
      "12": {
        "start": { "line": 14, "column": 38 },
        "end": { "line": 14, "column": 50 }
      },
      "13": {
        "start": { "line": 15, "column": 44 },
        "end": { "line": 15, "column": 56 }
      },
      "14": {
        "start": { "line": 16, "column": 42 },
        "end": { "line": 16, "column": 53 }
      },
      "15": {
        "start": { "line": 17, "column": 19 },
        "end": { "line": 17, "column": 32 }
      },
      "16": {
        "start": { "line": 20, "column": 17 },
        "end": { "line": 36, "column": 4 }
      },
      "17": {
        "start": { "line": 39, "column": 2 },
        "end": { "line": 45, "column": 22 }
      },
      "18": {
        "start": { "line": 40, "column": 21 },
        "end": { "line": 42, "column": 12 }
      },
      "19": {
        "start": { "line": 41, "column": 6 },
        "end": { "line": 41, "column": 58 }
      },
      "20": {
        "start": { "line": 41, "column": 30 },
        "end": { "line": 41, "column": 56 }
      },
      "21": {
        "start": { "line": 44, "column": 4 },
        "end": { "line": 44, "column": 41 }
      },
      "22": {
        "start": { "line": 44, "column": 17 },
        "end": { "line": 44, "column": 40 }
      },
      "23": {
        "start": { "line": 47, "column": 24 },
        "end": { "line": 62, "column": 3 }
      },
      "24": {
        "start": { "line": 48, "column": 4 },
        "end": { "line": 51, "column": 5 }
      },
      "25": {
        "start": { "line": 49, "column": 6 },
        "end": { "line": 49, "column": 45 }
      },
      "26": {
        "start": { "line": 50, "column": 6 },
        "end": { "line": 50, "column": 19 }
      },
      "27": {
        "start": { "line": 52, "column": 4 },
        "end": { "line": 55, "column": 5 }
      },
      "28": {
        "start": { "line": 53, "column": 6 },
        "end": { "line": 53, "column": 44 }
      },
      "29": {
        "start": { "line": 54, "column": 6 },
        "end": { "line": 54, "column": 19 }
      },
      "30": {
        "start": { "line": 56, "column": 4 },
        "end": { "line": 59, "column": 5 }
      },
      "31": {
        "start": { "line": 57, "column": 6 },
        "end": { "line": 57, "column": 51 }
      },
      "32": {
        "start": { "line": 58, "column": 6 },
        "end": { "line": 58, "column": 19 }
      },
      "33": {
        "start": { "line": 60, "column": 4 },
        "end": { "line": 60, "column": 22 }
      },
      "34": {
        "start": { "line": 61, "column": 4 },
        "end": { "line": 61, "column": 16 }
      },
      "35": {
        "start": { "line": 64, "column": 27 },
        "end": { "line": 71, "column": 3 }
      },
      "36": {
        "start": { "line": 65, "column": 4 },
        "end": { "line": 68, "column": 5 }
      },
      "37": {
        "start": { "line": 66, "column": 6 },
        "end": { "line": 66, "column": 51 }
      },
      "38": {
        "start": { "line": 67, "column": 6 },
        "end": { "line": 67, "column": 19 }
      },
      "39": {
        "start": { "line": 69, "column": 4 },
        "end": { "line": 69, "column": 25 }
      },
      "40": {
        "start": { "line": 70, "column": 4 },
        "end": { "line": 70, "column": 16 }
      },
      "41": {
        "start": { "line": 73, "column": 28 },
        "end": { "line": 81, "column": 3 }
      },
      "42": {
        "start": { "line": 74, "column": 18 },
        "end": { "line": 74, "column": 32 }
      },
      "43": {
        "start": { "line": 75, "column": 4 },
        "end": { "line": 75, "column": 20 }
      },
      "44": {
        "start": { "line": 76, "column": 4 },
        "end": { "line": 80, "column": 5 }
      },
      "45": {
        "start": { "line": 77, "column": 6 },
        "end": { "line": 77, "column": 27 }
      },
      "46": {
        "start": { "line": 79, "column": 6 },
        "end": { "line": 79, "column": 24 }
      },
      "47": {
        "start": { "line": 83, "column": 31 },
        "end": { "line": 91, "column": 3 }
      },
      "48": {
        "start": { "line": 84, "column": 18 },
        "end": { "line": 84, "column": 32 }
      },
      "49": {
        "start": { "line": 85, "column": 4 },
        "end": { "line": 85, "column": 23 }
      },
      "50": {
        "start": { "line": 86, "column": 4 },
        "end": { "line": 90, "column": 5 }
      },
      "51": {
        "start": { "line": 87, "column": 6 },
        "end": { "line": 87, "column": 30 }
      },
      "52": {
        "start": { "line": 89, "column": 6 },
        "end": { "line": 89, "column": 27 }
      },
      "53": {
        "start": { "line": 93, "column": 22 },
        "end": { "line": 112, "column": 3 }
      },
      "54": {
        "start": { "line": 95, "column": 4 },
        "end": { "line": 95, "column": 22 }
      },
      "55": {
        "start": { "line": 96, "column": 4 },
        "end": { "line": 96, "column": 25 }
      },
      "56": {
        "start": { "line": 99, "column": 25 },
        "end": { "line": 99, "column": 45 }
      },
      "57": {
        "start": { "line": 100, "column": 28 },
        "end": { "line": 100, "column": 54 }
      },
      "58": {
        "start": { "line": 102, "column": 4 },
        "end": { "line": 104, "column": 5 }
      },
      "59": {
        "start": { "line": 103, "column": 6 },
        "end": { "line": 103, "column": 13 }
      },
      "60": {
        "start": { "line": 107, "column": 25 },
        "end": { "line": 107, "column": 29 }
      },
      "61": {
        "start": { "line": 109, "column": 4 },
        "end": { "line": 111, "column": 5 }
      },
      "62": {
        "start": { "line": 110, "column": 6 },
        "end": { "line": 110, "column": 24 }
      },
      "63": {
        "start": { "line": 114, "column": 2 },
        "end": { "line": 359, "column": 4 }
      },
      "64": {
        "start": { "line": 211, "column": 35 },
        "end": { "line": 211, "column": 65 }
      },
      "65": {
        "start": { "line": 320, "column": 16 },
        "end": { "line": 321, "column": null }
      },
      "66": {
        "start": { "line": 346, "column": 16 },
        "end": { "line": 347, "column": null }
      },
      "67": {
        "start": { "line": 348, "column": 33 },
        "end": { "line": 348, "column": 55 }
      },
      "68": {
        "start": { "line": 362, "column": 0 },
        "end": { "line": 362, "column": 21 }
      }
    },
    "fnMap": {
      "0": {
        "name": "(anonymous_10)",
        "decl": {
          "start": { "line": 10, "column": 24 },
          "end": { "line": 10, "column": 27 }
        },
        "loc": {
          "start": { "line": 10, "column": 29 },
          "end": { "line": 360, "column": 1 }
        }
      },
      "1": {
        "name": "(anonymous_11)",
        "decl": {
          "start": { "line": 39, "column": 12 },
          "end": { "line": 39, "column": 15 }
        },
        "loc": {
          "start": { "line": 39, "column": 17 },
          "end": { "line": 45, "column": 3 }
        }
      },
      "2": {
        "name": "(anonymous_12)",
        "decl": {
          "start": { "line": 40, "column": 33 },
          "end": { "line": 40, "column": 36 }
        },
        "loc": {
          "start": { "line": 40, "column": 38 },
          "end": { "line": 42, "column": 5 }
        }
      },
      "3": {
        "name": "(anonymous_13)",
        "decl": {
          "start": { "line": 41, "column": 22 },
          "end": { "line": 41, "column": 26 }
        },
        "loc": {
          "start": { "line": 41, "column": 30 },
          "end": { "line": 41, "column": 56 }
        }
      },
      "4": {
        "name": "(anonymous_14)",
        "decl": {
          "start": { "line": 44, "column": 11 },
          "end": { "line": 44, "column": 14 }
        },
        "loc": {
          "start": { "line": 44, "column": 17 },
          "end": { "line": 44, "column": 40 }
        }
      },
      "5": {
        "name": "(anonymous_15)",
        "decl": {
          "start": { "line": 47, "column": 24 },
          "end": { "line": 47, "column": 25 }
        },
        "loc": {
          "start": { "line": 47, "column": 42 },
          "end": { "line": 62, "column": 3 }
        }
      },
      "6": {
        "name": "(anonymous_16)",
        "decl": {
          "start": { "line": 64, "column": 27 },
          "end": { "line": 64, "column": 28 }
        },
        "loc": {
          "start": { "line": 64, "column": 48 },
          "end": { "line": 71, "column": 3 }
        }
      },
      "7": {
        "name": "(anonymous_17)",
        "decl": {
          "start": { "line": 73, "column": 28 },
          "end": { "line": 73, "column": 29 }
        },
        "loc": {
          "start": { "line": 73, "column": 71 },
          "end": { "line": 81, "column": 3 }
        }
      },
      "8": {
        "name": "(anonymous_18)",
        "decl": {
          "start": { "line": 83, "column": 31 },
          "end": { "line": 83, "column": 32 }
        },
        "loc": {
          "start": { "line": 83, "column": 74 },
          "end": { "line": 91, "column": 3 }
        }
      },
      "9": {
        "name": "(anonymous_19)",
        "decl": {
          "start": { "line": 93, "column": 22 },
          "end": { "line": 93, "column": 25 }
        },
        "loc": {
          "start": { "line": 93, "column": 27 },
          "end": { "line": 112, "column": 3 }
        }
      },
      "10": {
        "name": "(anonymous_20)",
        "decl": {
          "start": { "line": 211, "column": 29 },
          "end": { "line": 211, "column": 32 }
        },
        "loc": {
          "start": { "line": 211, "column": 35 },
          "end": { "line": 211, "column": 65 }
        }
      },
      "11": {
        "name": "(anonymous_21)",
        "decl": {
          "start": { "line": 319, "column": 26 },
          "end": { "line": 319, "column": 27 }
        },
        "loc": {
          "start": { "line": 320, "column": 16 },
          "end": { "line": 321, "column": null }
        }
      },
      "12": {
        "name": "(anonymous_22)",
        "decl": {
          "start": { "line": 345, "column": 26 },
          "end": { "line": 345, "column": 27 }
        },
        "loc": {
          "start": { "line": 346, "column": 16 },
          "end": { "line": 347, "column": null }
        }
      },
      "13": {
        "name": "(anonymous_23)",
        "decl": {
          "start": { "line": 348, "column": 27 },
          "end": { "line": 348, "column": 30 }
        },
        "loc": {
          "start": { "line": 348, "column": 33 },
          "end": { "line": 348, "column": 55 }
        }
      }
    },
    "branchMap": {
      "0": {
        "loc": {
          "start": { "line": 48, "column": 4 },
          "end": { "line": 51, "column": 5 }
        },
        "type": "if",
        "locations": [
          {
            "start": { "line": 48, "column": 4 },
            "end": { "line": 51, "column": 5 }
          }
        ]
      },
      "1": {
        "loc": {
          "start": { "line": 52, "column": 4 },
          "end": { "line": 55, "column": 5 }
        },
        "type": "if",
        "locations": [
          {
            "start": { "line": 52, "column": 4 },
            "end": { "line": 55, "column": 5 }
          }
        ]
      },
      "2": {
        "loc": {
          "start": { "line": 56, "column": 4 },
          "end": { "line": 59, "column": 5 }
        },
        "type": "if",
        "locations": [
          {
            "start": { "line": 56, "column": 4 },
            "end": { "line": 59, "column": 5 }
          }
        ]
      },
      "3": {
        "loc": {
          "start": { "line": 65, "column": 4 },
          "end": { "line": 68, "column": 5 }
        },
        "type": "if",
        "locations": [
          {
            "start": { "line": 65, "column": 4 },
            "end": { "line": 68, "column": 5 }
          }
        ]
      },
      "4": {
        "loc": {
          "start": { "line": 76, "column": 4 },
          "end": { "line": 80, "column": 5 }
        },
        "type": "if",
        "locations": [
          {
            "start": { "line": 76, "column": 4 },
            "end": { "line": 80, "column": 5 }
          },
          {
            "start": { "line": 78, "column": 11 },
            "end": { "line": 80, "column": 5 }
          }
        ]
      },
      "5": {
        "loc": {
          "start": { "line": 86, "column": 4 },
          "end": { "line": 90, "column": 5 }
        },
        "type": "if",
        "locations": [
          {
            "start": { "line": 86, "column": 4 },
            "end": { "line": 90, "column": 5 }
          },
          {
            "start": { "line": 88, "column": 11 },
            "end": { "line": 90, "column": 5 }
          }
        ]
      },
      "6": {
        "loc": {
          "start": { "line": 102, "column": 4 },
          "end": { "line": 104, "column": 5 }
        },
        "type": "if",
        "locations": [
          {
            "start": { "line": 102, "column": 4 },
            "end": { "line": 104, "column": 5 }
          }
        ]
      },
      "7": {
        "loc": {
          "start": { "line": 102, "column": 8 },
          "end": { "line": 102, "column": 41 }
        },
        "type": "binary-expr",
        "locations": [
          {
            "start": { "line": 102, "column": 8 },
            "end": { "line": 102, "column": 21 }
          },
          {
            "start": { "line": 102, "column": 25 },
            "end": { "line": 102, "column": 41 }
          }
        ]
      },
      "8": {
        "loc": {
          "start": { "line": 109, "column": 4 },
          "end": { "line": 111, "column": 5 }
        },
        "type": "if",
        "locations": [
          {
            "start": { "line": 109, "column": 4 },
            "end": { "line": 111, "column": 5 }
          }
        ]
      },
      "9": {
        "loc": {
          "start": { "line": 162, "column": 22 },
          "end": { "line": 164, "column": null }
        },
        "type": "cond-expr",
        "locations": [
          {
            "start": { "line": 163, "column": 26 },
            "end": { "line": 163, "column": 61 }
          },
          {
            "start": { "line": 164, "column": 26 },
            "end": { "line": 164, "column": null }
          }
        ]
      },
      "10": {
        "loc": {
          "start": { "line": 169, "column": 17 },
          "end": { "line": 177, "column": null }
        },
        "type": "binary-expr",
        "locations": [
          {
            "start": { "line": 169, "column": 17 },
            "end": { "line": 169, "column": 27 }
          },
          {
            "start": { "line": 170, "column": 18 },
            "end": { "line": 176, "column": null }
          }
        ]
      },
      "11": {
        "loc": {
          "start": { "line": 198, "column": 26 },
          "end": { "line": 198, "column": 60 }
        },
        "type": "cond-expr",
        "locations": [
          {
            "start": { "line": 198, "column": 41 },
            "end": { "line": 198, "column": 47 }
          },
          {
            "start": { "line": 198, "column": 50 },
            "end": { "line": 198, "column": 60 }
          }
        ]
      },
      "12": {
        "loc": {
          "start": { "line": 202, "column": 22 },
          "end": { "line": 204, "column": null }
        },
        "type": "cond-expr",
        "locations": [
          {
            "start": { "line": 203, "column": 26 },
            "end": { "line": 203, "column": 61 }
          },
          {
            "start": { "line": 204, "column": 26 },
            "end": { "line": 204, "column": null }
          }
        ]
      },
      "13": {
        "loc": {
          "start": { "line": 213, "column": 21 },
          "end": { "line": 216, "column": null }
        },
        "type": "cond-expr",
        "locations": [
          {
            "start": { "line": 214, "column": 22 },
            "end": { "line": 214, "column": 52 }
          },
          {
            "start": { "line": 216, "column": 22 },
            "end": { "line": 216, "column": 49 }
          }
        ]
      },
      "14": {
        "loc": {
          "start": { "line": 220, "column": 17 },
          "end": { "line": 228, "column": null }
        },
        "type": "binary-expr",
        "locations": [
          {
            "start": { "line": 220, "column": 17 },
            "end": { "line": 220, "column": 30 }
          },
          {
            "start": { "line": 221, "column": 18 },
            "end": { "line": 227, "column": null }
          }
        ]
      },
      "15": {
        "loc": {
          "start": { "line": 323, "column": 20 },
          "end": { "line": 327, "column": null }
        },
        "type": "cond-expr",
        "locations": [
          {
            "start": { "line": 324, "column": 24 },
            "end": { "line": 324, "column": 51 }
          },
          {
            "start": { "line": 325, "column": 24 },
            "end": { "line": 327, "column": null }
          }
        ]
      },
      "16": {
        "loc": {
          "start": { "line": 325, "column": 24 },
          "end": { "line": 327, "column": null }
        },
        "type": "cond-expr",
        "locations": [
          {
            "start": { "line": 326, "column": 26 },
            "end": { "line": 326, "column": 55 }
          },
          {
            "start": { "line": 327, "column": 26 },
            "end": { "line": 327, "column": null }
          }
        ]
      },
      "17": {
        "loc": {
          "start": { "line": 350, "column": 20 },
          "end": { "line": 350, "column": null }
        },
        "type": "cond-expr",
        "locations": [
          {
            "start": { "line": 350, "column": 45 },
            "end": { "line": 350, "column": 63 }
          },
          {
            "start": { "line": 350, "column": 66 },
            "end": { "line": 350, "column": null }
          }
        ]
      }
    },
    "s": {
      "0": 2,
      "1": 2,
      "2": 2,
      "3": 2,
      "4": 2,
      "5": 2,
      "6": 2,
      "7": 2,
      "8": 2,
      "9": 255,
      "10": 254,
      "11": 254,
      "12": 254,
      "13": 254,
      "14": 254,
      "15": 254,
      "16": 254,
      "17": 254,
      "18": 22,
      "19": 0,
      "20": 0,
      "21": 22,
      "22": 22,
      "23": 254,
      "24": 184,
      "25": 2,
      "26": 2,
      "27": 182,
      "28": 143,
      "29": 143,
      "30": 39,
      "31": 25,
      "32": 25,
      "33": 14,
      "34": 14,
      "35": 254,
      "36": 49,
      "37": 3,
      "38": 3,
      "39": 46,
      "40": 46,
      "41": 254,
      "42": 180,
      "43": 180,
      "44": 180,
      "45": 179,
      "46": 1,
      "47": 254,
      "48": 45,
      "49": 45,
      "50": 45,
      "51": 44,
      "52": 1,
      "53": 254,
      "54": 5,
      "55": 5,
      "56": 5,
      "57": 5,
      "58": 5,
      "59": 4,
      "60": 1,
      "61": 1,
      "62": 1,
      "63": 254,
      "64": 2,
      "65": 762,
      "66": 762,
      "67": 0,
      "68": 2
    },
    "f": {
      "0": 255,
      "1": 22,
      "2": 0,
      "3": 0,
      "4": 22,
      "5": 184,
      "6": 49,
      "7": 180,
      "8": 45,
      "9": 5,
      "10": 2,
      "11": 762,
      "12": 762,
      "13": 0
    },
    "b": {
      "0": [2],
      "1": [143],
      "2": [25],
      "3": [3],
      "4": [179, 1],
      "5": [44, 1],
      "6": [4],
      "7": [5, 2],
      "8": [1],
      "9": [181, 73],
      "10": [254, 181],
      "11": [1, 253],
      "12": [3, 251],
      "13": [1, 253],
      "14": [254, 3],
      "15": [254, 508],
      "16": [0, 508],
      "17": [254, 508]
    }
  },
  "/Users/wamanzi/Documents/Asture Fms/asture-fms-FE/src/components/NotFound.tsx": {
    "path": "/Users/wamanzi/Documents/Asture Fms/asture-fms-FE/src/components/NotFound.tsx",
    "statementMap": {
      "0": {
        "start": { "line": 1, "column": 0 },
        "end": { "line": 1, "column": 26 }
      },
      "1": {
        "start": { "line": 2, "column": 0 },
        "end": { "line": 2, "column": 40 }
      },
      "2": {
        "start": { "line": 4, "column": 27 },
        "end": { "line": 20, "column": 1 }
      },
      "3": {
        "start": { "line": 5, "column": 2 },
        "end": { "line": 19, "column": 4 }
      },
      "4": {
        "start": { "line": 22, "column": 0 },
        "end": { "line": 22, "column": 24 }
      }
    },
    "fnMap": {
      "0": {
        "name": "(anonymous_1)",
        "decl": {
          "start": { "line": 4, "column": 27 },
          "end": { "line": 4, "column": 30 }
        },
        "loc": {
          "start": { "line": 4, "column": 32 },
          "end": { "line": 20, "column": 1 }
        }
      }
    },
    "branchMap": {},
    "s": { "0": 1, "1": 1, "2": 1, "3": 2, "4": 1 },
    "f": { "0": 2 },
    "b": {}
  }
}
