TN:
SF:src/App.tsx
FN:8,(anonymous_1)
FNF:1
FNH:1
FNDA:12,(anonymous_1)
DA:1,1
DA:2,1
DA:3,1
DA:4,1
DA:5,1
DA:6,1
DA:8,1
DA:9,12
DA:38,1
LF:9
LH:9
BRF:0
BRH:0
end_of_record
TN:
SF:src/components/Home.tsx
FN:3,(anonymous_1)
FNF:1
FNH:1
FNDA:15,(anonymous_1)
DA:1,2
DA:3,2
DA:4,15
DA:19,2
LF:4
LH:4
BRF:0
BRH:0
end_of_record
TN:
SF:src/components/Layout.tsx
FN:7,(anonymous_1)
FNF:1
FNH:1
FNDA:7,(anonymous_1)
DA:1,1
DA:7,1
DA:8,7
DA:11,1
LF:4
LH:4
BRF:0
BRH:0
end_of_record
TN:
SF:src/components/Login.tsx
FN:10,(anonymous_10)
FN:39,(anonymous_11)
FN:40,(anonymous_12)
FN:41,(anonymous_13)
FN:44,(anonymous_14)
FN:47,(anonymous_15)
FN:64,(anonymous_16)
FN:73,(anonymous_17)
FN:83,(anonymous_18)
FN:93,(anonymous_19)
FN:211,(anonymous_20)
FN:319,(anonymous_21)
FN:345,(anonymous_22)
FN:348,(anonymous_23)
FNF:14
FNH:11
FNDA:255,(anonymous_10)
FNDA:22,(anonymous_11)
FNDA:0,(anonymous_12)
FNDA:0,(anonymous_13)
FNDA:22,(anonymous_14)
FNDA:184,(anonymous_15)
FNDA:49,(anonymous_16)
FNDA:180,(anonymous_17)
FNDA:45,(anonymous_18)
FNDA:5,(anonymous_19)
FNDA:2,(anonymous_20)
FNDA:762,(anonymous_21)
FNDA:762,(anonymous_22)
FNDA:0,(anonymous_23)
DA:1,2
DA:2,2
DA:3,2
DA:4,2
DA:5,2
DA:6,2
DA:7,2
DA:8,2
DA:10,2
DA:11,255
DA:12,254
DA:13,254
DA:14,254
DA:15,254
DA:16,254
DA:17,254
DA:20,254
DA:39,254
DA:40,22
DA:41,0
DA:44,22
DA:47,254
DA:48,184
DA:49,2
DA:50,2
DA:52,182
DA:53,143
DA:54,143
DA:56,39
DA:57,25
DA:58,25
DA:60,14
DA:61,14
DA:64,254
DA:65,49
DA:66,3
DA:67,3
DA:69,46
DA:70,46
DA:73,254
DA:74,180
DA:75,180
DA:76,180
DA:77,179
DA:79,1
DA:83,254
DA:84,45
DA:85,45
DA:86,45
DA:87,44
DA:89,1
DA:93,254
DA:95,5
DA:96,5
DA:99,5
DA:100,5
DA:102,5
DA:103,4
DA:107,1
DA:109,1
DA:110,1
DA:114,254
DA:211,2
DA:320,762
DA:346,762
DA:348,0
DA:362,2
LF:67
LH:65
BRDA:48,0,0,2
BRDA:52,1,0,143
BRDA:56,2,0,25
BRDA:65,3,0,3
BRDA:76,4,0,179
BRDA:76,4,1,1
BRDA:86,5,0,44
BRDA:86,5,1,1
BRDA:102,6,0,4
BRDA:102,7,0,5
BRDA:102,7,1,2
BRDA:109,8,0,1
BRDA:162,9,0,181
BRDA:162,9,1,73
BRDA:169,10,0,254
BRDA:169,10,1,181
BRDA:198,11,0,1
BRDA:198,11,1,253
BRDA:202,12,0,3
BRDA:202,12,1,251
BRDA:213,13,0,1
BRDA:213,13,1,253
BRDA:220,14,0,254
BRDA:220,14,1,3
BRDA:323,15,0,254
BRDA:323,15,1,508
BRDA:325,16,0,0
BRDA:325,16,1,508
BRDA:350,17,0,254
BRDA:350,17,1,508
BRF:30
BRH:29
end_of_record
TN:
SF:src/components/NotFound.tsx
FN:4,(anonymous_1)
FNF:1
FNH:1
FNDA:2,(anonymous_1)
DA:1,1
DA:2,1
DA:4,1
DA:5,2
DA:22,1
LF:5
LH:5
BRF:0
BRH:0
end_of_record
